<?xml version="1.0" encoding="UTF-8"?>
<testng-results skipped="0" failed="0" total="1" passed="1">
  <reporter-output>
  </reporter-output>
  <suite name="Default suite" duration-ms="9200" started-at="2021-08-30T16:17:58Z" finished-at="2021-08-30T16:18:07Z">
    <groups>
    </groups>
    <test name="Default test" duration-ms="9200" started-at="2021-08-30T16:17:58Z" finished-at="2021-08-30T16:18:07Z">
      <class name="TestRunner.TestRunner">
        <test-method status="PASS" signature="testParallel()[pri:0, instance:TestRunner.TestRunner@14acaea5]" name="testParallel" duration-ms="9174" started-at="2021-08-30T21:47:58Z" finished-at="2021-08-30T21:48:07Z">
          <reporter-output>
          </reporter-output>
        </test-method> <!-- testParallel -->
      </class> <!-- TestRunner.TestRunner -->
    </test> <!-- Default test -->
  </suite> <!-- Default suite -->
</testng-results>
